<?xml version="1.0" encoding="UTF-8"?>
<!-- Generated by org.testng.reporters.JUnitXMLReporter -->
<testsuite ignored="0" hostname="vikas" failures="0" tests="1" name="Submit Order Test" time="0.053" errors="0" timestamp="2023-06-26T16:19:12 IST">
  <testcase classname="testComponents.BaseTest" name="@BeforeMethod launchApplication" time="0.005">
    <failure type="java.io.FileNotFoundException" message="C:\Users\Hp\Desktop\Fitelo\Latest_Workspace\LinkedINLoginFramework\src\main\java\resources\GlobalData.properties (The system cannot find the path specified)">
      <![CDATA[java.io.FileNotFoundException: C:\Users\Hp\Desktop\Fitelo\Latest_Workspace\LinkedINLoginFramework\src\main\java\resources\GlobalData.properties (The system cannot find the path specified)
at java.base/java.io.FileInputStream.open0(Native Method)
at java.base/java.io.FileInputStream.open(FileInputStream.java:216)
at java.base/java.io.FileInputStream.<init>(FileInputStream.java:157)
at java.base/java.io.FileInputStream.<init>(FileInputStream.java:111)
at testComponents.BaseTest.initializeDriver(BaseTest.java:34)
at testComponents.BaseTest.launchApplication(BaseTest.java:91)
at java.base/java.util.ArrayList.forEach(ArrayList.java:1511)
... Removed 31 stack frames]]>
    </failure>
  </testcase> <!-- @BeforeMethod launchApplication -->
  <testcase classname="testComponents.BaseTest" name="@AfterMethod tearDown" time="0.001">
    <failure type="java.lang.NullPointerException" message="Cannot invoke &amp;quot;org.openqa.selenium.WebDriver.close()&amp;quot; because &amp;quot;this.driver&amp;quot; is null">
      <![CDATA[java.lang.NullPointerException: Cannot invoke "org.openqa.selenium.WebDriver.close()" because "this.driver" is null
at testComponents.BaseTest.tearDown(BaseTest.java:100)
at java.base/java.util.ArrayList.forEach(ArrayList.java:1511)
... Removed 32 stack frames]]>
    </failure>
  </testcase> <!-- @AfterMethod tearDown -->
  <testcase classname="loginFunctionality.LinkedINLoginFramework.TestingTest" name="checkData" time="0.001">
    <skipped/>
  </testcase> <!-- checkData -->
</testsuite> <!-- Submit Order Test -->
